

Started GET "/" for 127.0.0.1 at 2015-08-08 04:49:28 +0800
Processing by Rails::WelcomeController#index as HTML
  Rendered /home/deployer/.rvm/gems/ruby-2.2.0/gems/railties-4.0.4/lib/rails/templates/rails/welcome/index.html.erb (5.2ms)
Completed 200 OK in 43ms (Views: 27.8ms | ActiveRecord: 0.0ms)


Started GET "/games/" for 127.0.0.1 at 2015-08-08 05:42:59 +0800

ActiveRecord::PendingMigrationError (Migrations are pending; run 'bin/rake db:migrate RAILS_ENV=development' to resolve this issue.):
  activerecord (4.0.4) lib/active_record/migration.rb:383:in `check_pending!'
  activerecord (4.0.4) lib/active_record/migration.rb:370:in `call'
  actionpack (4.0.4) lib/action_dispatch/middleware/callbacks.rb:29:in `block in call'
  activesupport (4.0.4) lib/active_support/callbacks.rb:373:in `_run__3026132247997433788__call__callbacks'
  activesupport (4.0.4) lib/active_support/callbacks.rb:80:in `run_callbacks'
  actionpack (4.0.4) lib/action_dispatch/middleware/callbacks.rb:27:in `call'
  actionpack (4.0.4) lib/action_dispatch/middleware/reloader.rb:64:in `call'
  actionpack (4.0.4) lib/action_dispatch/middleware/remote_ip.rb:76:in `call'
  actionpack (4.0.4) lib/action_dispatch/middleware/debug_exceptions.rb:17:in `call'
  actionpack (4.0.4) lib/action_dispatch/middleware/show_exceptions.rb:30:in `call'
  railties (4.0.4) lib/rails/rack/logger.rb:38:in `call_app'
  railties (4.0.4) lib/rails/rack/logger.rb:20:in `block in call'
  activesupport (4.0.4) lib/active_support/tagged_logging.rb:68:in `block in tagged'
  activesupport (4.0.4) lib/active_support/tagged_logging.rb:26:in `tagged'
  activesupport (4.0.4) lib/active_support/tagged_logging.rb:68:in `tagged'
  railties (4.0.4) lib/rails/rack/logger.rb:20:in `call'
  actionpack (4.0.4) lib/action_dispatch/middleware/request_id.rb:21:in `call'
  rack (1.5.5) lib/rack/methodoverride.rb:21:in `call'
  rack (1.5.5) lib/rack/runtime.rb:17:in `call'
  activesupport (4.0.4) lib/active_support/cache/strategy/local_cache.rb:83:in `call'
  rack (1.5.5) lib/rack/lock.rb:17:in `call'
  actionpack (4.0.4) lib/action_dispatch/middleware/static.rb:64:in `call'
  rack (1.5.5) lib/rack/sendfile.rb:112:in `call'
  railties (4.0.4) lib/rails/engine.rb:511:in `call'
  railties (4.0.4) lib/rails/application.rb:97:in `call'
  rack (1.5.5) lib/rack/lock.rb:17:in `call'
  rack (1.5.5) lib/rack/content_length.rb:14:in `call'
  rack (1.5.5) lib/rack/handler/webrick.rb:60:in `service'
  /home/deployer/.rvm/rubies/ruby-2.2.0/lib/ruby/2.2.0/webrick/httpserver.rb:138:in `service'
  /home/deployer/.rvm/rubies/ruby-2.2.0/lib/ruby/2.2.0/webrick/httpserver.rb:94:in `run'
  /home/deployer/.rvm/rubies/ruby-2.2.0/lib/ruby/2.2.0/webrick/server.rb:294:in `block in start_thread'


  Rendered /home/deployer/.rvm/gems/ruby-2.2.0/gems/actionpack-4.0.4/lib/action_dispatch/middleware/templates/rescues/_source.erb (0.8ms)
  Rendered /home/deployer/.rvm/gems/ruby-2.2.0/gems/actionpack-4.0.4/lib/action_dispatch/middleware/templates/rescues/_trace.erb (1.7ms)
  Rendered /home/deployer/.rvm/gems/ruby-2.2.0/gems/actionpack-4.0.4/lib/action_dispatch/middleware/templates/rescues/_request_and_response.erb (1.5ms)
  Rendered /home/deployer/.rvm/gems/ruby-2.2.0/gems/actionpack-4.0.4/lib/action_dispatch/middleware/templates/rescues/diagnostics.erb within rescues/layout (32.2ms)
  [1m[36m (238.2ms)[0m  [1mCREATE TABLE "schema_migrations" ("version" varchar(255) NOT NULL) [0m
  [1m[35m (258.2ms)[0m  CREATE UNIQUE INDEX "unique_schema_migrations" ON "schema_migrations" ("version")
  [1m[36mActiveRecord::SchemaMigration Load (0.2ms)[0m  [1mSELECT "schema_migrations".* FROM "schema_migrations"[0m
Migrating to CreateGames (20150807212951)
  [1m[35m (0.1ms)[0m  begin transaction
  [1m[36m (1.1ms)[0m  [1mCREATE TABLE "games" ("id" INTEGER PRIMARY KEY AUTOINCREMENT NOT NULL, "stock_id" integer, "num_of_words" integer, "player1_id" integer, "player2_id" integer, "created_at" datetime, "updated_at" datetime) [0m
  [1m[35mSQL (0.7ms)[0m  INSERT INTO "schema_migrations" ("version") VALUES (?)  [["version", "20150807212951"]]
  [1m[36m (267.6ms)[0m  [1mcommit transaction[0m
  [1m[35mActiveRecord::SchemaMigration Load (0.1ms)[0m  SELECT "schema_migrations".* FROM "schema_migrations"


Started GET "/games/" for 127.0.0.1 at 2015-08-08 05:43:39 +0800
  [1m[36mActiveRecord::SchemaMigration Load (0.2ms)[0m  [1mSELECT "schema_migrations".* FROM "schema_migrations"[0m

AbstractController::ActionNotFound (The action 'index' could not be found for GamesController):
  actionpack (4.0.4) lib/abstract_controller/base.rb:131:in `process'
  actionpack (4.0.4) lib/abstract_controller/rendering.rb:44:in `process'
  actionpack (4.0.4) lib/action_controller/metal.rb:195:in `dispatch'
  actionpack (4.0.4) lib/action_controller/metal/rack_delegation.rb:13:in `dispatch'
  actionpack (4.0.4) lib/action_controller/metal.rb:231:in `block in action'
  actionpack (4.0.4) lib/action_dispatch/routing/route_set.rb:80:in `call'
  actionpack (4.0.4) lib/action_dispatch/routing/route_set.rb:80:in `dispatch'
  actionpack (4.0.4) lib/action_dispatch/routing/route_set.rb:48:in `call'
  actionpack (4.0.4) lib/action_dispatch/journey/router.rb:71:in `block in call'
  actionpack (4.0.4) lib/action_dispatch/journey/router.rb:59:in `each'
  actionpack (4.0.4) lib/action_dispatch/journey/router.rb:59:in `call'
  actionpack (4.0.4) lib/action_dispatch/routing/route_set.rb:674:in `call'
  rack (1.5.5) lib/rack/etag.rb:23:in `call'
  rack (1.5.5) lib/rack/conditionalget.rb:25:in `call'
  rack (1.5.5) lib/rack/head.rb:11:in `call'
  actionpack (4.0.4) lib/action_dispatch/middleware/params_parser.rb:27:in `call'
  actionpack (4.0.4) lib/action_dispatch/middleware/flash.rb:241:in `call'
  rack (1.5.5) lib/rack/session/abstract/id.rb:225:in `context'
  rack (1.5.5) lib/rack/session/abstract/id.rb:220:in `call'
  actionpack (4.0.4) lib/action_dispatch/middleware/cookies.rb:486:in `call'
  activerecord (4.0.4) lib/active_record/query_cache.rb:36:in `call'
  activerecord (4.0.4) lib/active_record/connection_adapters/abstract/connection_pool.rb:626:in `call'
  activerecord (4.0.4) lib/active_record/migration.rb:373:in `call'
  actionpack (4.0.4) lib/action_dispatch/middleware/callbacks.rb:29:in `block in call'
  activesupport (4.0.4) lib/active_support/callbacks.rb:373:in `_run__1263921316701936566__call__callbacks'
  activesupport (4.0.4) lib/active_support/callbacks.rb:80:in `run_callbacks'
  actionpack (4.0.4) lib/action_dispatch/middleware/callbacks.rb:27:in `call'
  actionpack (4.0.4) lib/action_dispatch/middleware/reloader.rb:64:in `call'
  actionpack (4.0.4) lib/action_dispatch/middleware/remote_ip.rb:76:in `call'
  actionpack (4.0.4) lib/action_dispatch/middleware/debug_exceptions.rb:17:in `call'
  actionpack (4.0.4) lib/action_dispatch/middleware/show_exceptions.rb:30:in `call'
  railties (4.0.4) lib/rails/rack/logger.rb:38:in `call_app'
  railties (4.0.4) lib/rails/rack/logger.rb:20:in `block in call'
  activesupport (4.0.4) lib/active_support/tagged_logging.rb:68:in `block in tagged'
  activesupport (4.0.4) lib/active_support/tagged_logging.rb:26:in `tagged'
  activesupport (4.0.4) lib/active_support/tagged_logging.rb:68:in `tagged'
  railties (4.0.4) lib/rails/rack/logger.rb:20:in `call'
  actionpack (4.0.4) lib/action_dispatch/middleware/request_id.rb:21:in `call'
  rack (1.5.5) lib/rack/methodoverride.rb:21:in `call'
  rack (1.5.5) lib/rack/runtime.rb:17:in `call'
  activesupport (4.0.4) lib/active_support/cache/strategy/local_cache.rb:83:in `call'
  rack (1.5.5) lib/rack/lock.rb:17:in `call'
  actionpack (4.0.4) lib/action_dispatch/middleware/static.rb:64:in `call'
  rack (1.5.5) lib/rack/sendfile.rb:112:in `call'
  railties (4.0.4) lib/rails/engine.rb:511:in `call'
  railties (4.0.4) lib/rails/application.rb:97:in `call'
  rack (1.5.5) lib/rack/lock.rb:17:in `call'
  rack (1.5.5) lib/rack/content_length.rb:14:in `call'
  rack (1.5.5) lib/rack/handler/webrick.rb:60:in `service'
  /home/deployer/.rvm/rubies/ruby-2.2.0/lib/ruby/2.2.0/webrick/httpserver.rb:138:in `service'
  /home/deployer/.rvm/rubies/ruby-2.2.0/lib/ruby/2.2.0/webrick/httpserver.rb:94:in `run'
  /home/deployer/.rvm/rubies/ruby-2.2.0/lib/ruby/2.2.0/webrick/server.rb:294:in `block in start_thread'


  Rendered /home/deployer/.rvm/gems/ruby-2.2.0/gems/actionpack-4.0.4/lib/action_dispatch/middleware/templates/rescues/unknown_action.erb within rescues/layout (1.5ms)


Started POST "/games/" for 127.0.0.1 at 2015-08-08 05:45:45 +0800
Processing by GamesController#create as HTML
  Parameters: {"game"=>{}}
Can't verify CSRF token authenticity
Completed 422 Unprocessable Entity in 14ms

ActionController::InvalidAuthenticityToken (ActionController::InvalidAuthenticityToken):
  actionpack (4.0.4) lib/action_controller/metal/request_forgery_protection.rb:166:in `handle_unverified_request'
  actionpack (4.0.4) lib/action_controller/metal/request_forgery_protection.rb:173:in `handle_unverified_request'
  actionpack (4.0.4) lib/action_controller/metal/request_forgery_protection.rb:180:in `verify_authenticity_token'
  activesupport (4.0.4) lib/active_support/callbacks.rb:377:in `_run__619279408806459235__process_action__callbacks'
  activesupport (4.0.4) lib/active_support/callbacks.rb:80:in `run_callbacks'
  actionpack (4.0.4) lib/abstract_controller/callbacks.rb:17:in `process_action'
  actionpack (4.0.4) lib/action_controller/metal/rescue.rb:29:in `process_action'
  actionpack (4.0.4) lib/action_controller/metal/instrumentation.rb:31:in `block in process_action'
  activesupport (4.0.4) lib/active_support/notifications.rb:159:in `block in instrument'
  activesupport (4.0.4) lib/active_support/notifications/instrumenter.rb:20:in `instrument'
  activesupport (4.0.4) lib/active_support/notifications.rb:159:in `instrument'
  actionpack (4.0.4) lib/action_controller/metal/instrumentation.rb:30:in `process_action'
  actionpack (4.0.4) lib/action_controller/metal/params_wrapper.rb:250:in `process_action'
  activerecord (4.0.4) lib/active_record/railties/controller_runtime.rb:18:in `process_action'
  actionpack (4.0.4) lib/abstract_controller/base.rb:136:in `process'
  actionpack (4.0.4) lib/abstract_controller/rendering.rb:44:in `process'
  actionpack (4.0.4) lib/action_controller/metal.rb:195:in `dispatch'
  actionpack (4.0.4) lib/action_controller/metal/rack_delegation.rb:13:in `dispatch'
  actionpack (4.0.4) lib/action_controller/metal.rb:231:in `block in action'
  actionpack (4.0.4) lib/action_dispatch/routing/route_set.rb:80:in `call'
  actionpack (4.0.4) lib/action_dispatch/routing/route_set.rb:80:in `dispatch'
  actionpack (4.0.4) lib/action_dispatch/routing/route_set.rb:48:in `call'
  actionpack (4.0.4) lib/action_dispatch/journey/router.rb:71:in `block in call'
  actionpack (4.0.4) lib/action_dispatch/journey/router.rb:59:in `each'
  actionpack (4.0.4) lib/action_dispatch/journey/router.rb:59:in `call'
  actionpack (4.0.4) lib/action_dispatch/routing/route_set.rb:674:in `call'
  rack (1.5.5) lib/rack/etag.rb:23:in `call'
  rack (1.5.5) lib/rack/conditionalget.rb:35:in `call'
  rack (1.5.5) lib/rack/head.rb:11:in `call'
  actionpack (4.0.4) lib/action_dispatch/middleware/params_parser.rb:27:in `call'
  actionpack (4.0.4) lib/action_dispatch/middleware/flash.rb:241:in `call'
  rack (1.5.5) lib/rack/session/abstract/id.rb:225:in `context'
  rack (1.5.5) lib/rack/session/abstract/id.rb:220:in `call'
  actionpack (4.0.4) lib/action_dispatch/middleware/cookies.rb:486:in `call'
  activerecord (4.0.4) lib/active_record/query_cache.rb:36:in `call'
  activerecord (4.0.4) lib/active_record/connection_adapters/abstract/connection_pool.rb:626:in `call'
  activerecord (4.0.4) lib/active_record/migration.rb:373:in `call'
  actionpack (4.0.4) lib/action_dispatch/middleware/callbacks.rb:29:in `block in call'
  activesupport (4.0.4) lib/active_support/callbacks.rb:373:in `_run__1263921316701936566__call__callbacks'
  activesupport (4.0.4) lib/active_support/callbacks.rb:80:in `run_callbacks'
  actionpack (4.0.4) lib/action_dispatch/middleware/callbacks.rb:27:in `call'
  actionpack (4.0.4) lib/action_dispatch/middleware/reloader.rb:64:in `call'
  actionpack (4.0.4) lib/action_dispatch/middleware/remote_ip.rb:76:in `call'
  actionpack (4.0.4) lib/action_dispatch/middleware/debug_exceptions.rb:17:in `call'
  actionpack (4.0.4) lib/action_dispatch/middleware/show_exceptions.rb:30:in `call'
  railties (4.0.4) lib/rails/rack/logger.rb:38:in `call_app'
  railties (4.0.4) lib/rails/rack/logger.rb:20:in `block in call'
  activesupport (4.0.4) lib/active_support/tagged_logging.rb:68:in `block in tagged'
  activesupport (4.0.4) lib/active_support/tagged_logging.rb:26:in `tagged'
  activesupport (4.0.4) lib/active_support/tagged_logging.rb:68:in `tagged'
  railties (4.0.4) lib/rails/rack/logger.rb:20:in `call'
  actionpack (4.0.4) lib/action_dispatch/middleware/request_id.rb:21:in `call'
  rack (1.5.5) lib/rack/methodoverride.rb:21:in `call'
  rack (1.5.5) lib/rack/runtime.rb:17:in `call'
  activesupport (4.0.4) lib/active_support/cache/strategy/local_cache.rb:83:in `call'
  rack (1.5.5) lib/rack/lock.rb:17:in `call'
  actionpack (4.0.4) lib/action_dispatch/middleware/static.rb:64:in `call'
  rack (1.5.5) lib/rack/sendfile.rb:112:in `call'
  railties (4.0.4) lib/rails/engine.rb:511:in `call'
  railties (4.0.4) lib/rails/application.rb:97:in `call'
  rack (1.5.5) lib/rack/lock.rb:17:in `call'
  rack (1.5.5) lib/rack/content_length.rb:14:in `call'
  rack (1.5.5) lib/rack/handler/webrick.rb:60:in `service'
  /home/deployer/.rvm/rubies/ruby-2.2.0/lib/ruby/2.2.0/webrick/httpserver.rb:138:in `service'
  /home/deployer/.rvm/rubies/ruby-2.2.0/lib/ruby/2.2.0/webrick/httpserver.rb:94:in `run'
  /home/deployer/.rvm/rubies/ruby-2.2.0/lib/ruby/2.2.0/webrick/server.rb:294:in `block in start_thread'


  Rendered /home/deployer/.rvm/gems/ruby-2.2.0/gems/actionpack-4.0.4/lib/action_dispatch/middleware/templates/rescues/_source.erb (1.6ms)
  Rendered /home/deployer/.rvm/gems/ruby-2.2.0/gems/actionpack-4.0.4/lib/action_dispatch/middleware/templates/rescues/_trace.erb (4.7ms)
  Rendered /home/deployer/.rvm/gems/ruby-2.2.0/gems/actionpack-4.0.4/lib/action_dispatch/middleware/templates/rescues/_request_and_response.erb (5.7ms)
  Rendered /home/deployer/.rvm/gems/ruby-2.2.0/gems/actionpack-4.0.4/lib/action_dispatch/middleware/templates/rescues/diagnostics.erb within rescues/layout (61.9ms)


Started POST "/games/" for 127.0.0.1 at 2015-08-08 05:46:24 +0800
Processing by GamesController#create as HTML
  Parameters: {"game"=>{}}
Can't verify CSRF token authenticity
Completed 422 Unprocessable Entity in 1ms

ActionController::InvalidAuthenticityToken (ActionController::InvalidAuthenticityToken):
  actionpack (4.0.4) lib/action_controller/metal/request_forgery_protection.rb:166:in `handle_unverified_request'
  actionpack (4.0.4) lib/action_controller/metal/request_forgery_protection.rb:173:in `handle_unverified_request'
  actionpack (4.0.4) lib/action_controller/metal/request_forgery_protection.rb:180:in `verify_authenticity_token'
  activesupport (4.0.4) lib/active_support/callbacks.rb:377:in `_run__619279408806459235__process_action__callbacks'
  activesupport (4.0.4) lib/active_support/callbacks.rb:80:in `run_callbacks'
  actionpack (4.0.4) lib/abstract_controller/callbacks.rb:17:in `process_action'
  actionpack (4.0.4) lib/action_controller/metal/rescue.rb:29:in `process_action'
  actionpack (4.0.4) lib/action_controller/metal/instrumentation.rb:31:in `block in process_action'
  activesupport (4.0.4) lib/active_support/notifications.rb:159:in `block in instrument'
  activesupport (4.0.4) lib/active_support/notifications/instrumenter.rb:20:in `instrument'
  activesupport (4.0.4) lib/active_support/notifications.rb:159:in `instrument'
  actionpack (4.0.4) lib/action_controller/metal/instrumentation.rb:30:in `process_action'
  actionpack (4.0.4) lib/action_controller/metal/params_wrapper.rb:250:in `process_action'
  activerecord (4.0.4) lib/active_record/railties/controller_runtime.rb:18:in `process_action'
  actionpack (4.0.4) lib/abstract_controller/base.rb:136:in `process'
  actionpack (4.0.4) lib/abstract_controller/rendering.rb:44:in `process'
  actionpack (4.0.4) lib/action_controller/metal.rb:195:in `dispatch'
  actionpack (4.0.4) lib/action_controller/metal/rack_delegation.rb:13:in `dispatch'
  actionpack (4.0.4) lib/action_controller/metal.rb:231:in `block in action'
  actionpack (4.0.4) lib/action_dispatch/routing/route_set.rb:80:in `call'
  actionpack (4.0.4) lib/action_dispatch/routing/route_set.rb:80:in `dispatch'
  actionpack (4.0.4) lib/action_dispatch/routing/route_set.rb:48:in `call'
  actionpack (4.0.4) lib/action_dispatch/journey/router.rb:71:in `block in call'
  actionpack (4.0.4) lib/action_dispatch/journey/router.rb:59:in `each'
  actionpack (4.0.4) lib/action_dispatch/journey/router.rb:59:in `call'
  actionpack (4.0.4) lib/action_dispatch/routing/route_set.rb:674:in `call'
  rack (1.5.5) lib/rack/etag.rb:23:in `call'
  rack (1.5.5) lib/rack/conditionalget.rb:35:in `call'
  rack (1.5.5) lib/rack/head.rb:11:in `call'
  actionpack (4.0.4) lib/action_dispatch/middleware/params_parser.rb:27:in `call'
  actionpack (4.0.4) lib/action_dispatch/middleware/flash.rb:241:in `call'
  rack (1.5.5) lib/rack/session/abstract/id.rb:225:in `context'
  rack (1.5.5) lib/rack/session/abstract/id.rb:220:in `call'
  actionpack (4.0.4) lib/action_dispatch/middleware/cookies.rb:486:in `call'
  activerecord (4.0.4) lib/active_record/query_cache.rb:36:in `call'
  activerecord (4.0.4) lib/active_record/connection_adapters/abstract/connection_pool.rb:626:in `call'
  activerecord (4.0.4) lib/active_record/migration.rb:373:in `call'
  actionpack (4.0.4) lib/action_dispatch/middleware/callbacks.rb:29:in `block in call'
  activesupport (4.0.4) lib/active_support/callbacks.rb:373:in `_run__1263921316701936566__call__callbacks'
  activesupport (4.0.4) lib/active_support/callbacks.rb:80:in `run_callbacks'
  actionpack (4.0.4) lib/action_dispatch/middleware/callbacks.rb:27:in `call'
  actionpack (4.0.4) lib/action_dispatch/middleware/reloader.rb:64:in `call'
  actionpack (4.0.4) lib/action_dispatch/middleware/remote_ip.rb:76:in `call'
  actionpack (4.0.4) lib/action_dispatch/middleware/debug_exceptions.rb:17:in `call'
  actionpack (4.0.4) lib/action_dispatch/middleware/show_exceptions.rb:30:in `call'
  railties (4.0.4) lib/rails/rack/logger.rb:38:in `call_app'
  railties (4.0.4) lib/rails/rack/logger.rb:20:in `block in call'
  activesupport (4.0.4) lib/active_support/tagged_logging.rb:68:in `block in tagged'
  activesupport (4.0.4) lib/active_support/tagged_logging.rb:26:in `tagged'
  activesupport (4.0.4) lib/active_support/tagged_logging.rb:68:in `tagged'
  railties (4.0.4) lib/rails/rack/logger.rb:20:in `call'
  actionpack (4.0.4) lib/action_dispatch/middleware/request_id.rb:21:in `call'
  rack (1.5.5) lib/rack/methodoverride.rb:21:in `call'
  rack (1.5.5) lib/rack/runtime.rb:17:in `call'
  activesupport (4.0.4) lib/active_support/cache/strategy/local_cache.rb:83:in `call'
  rack (1.5.5) lib/rack/lock.rb:17:in `call'
  actionpack (4.0.4) lib/action_dispatch/middleware/static.rb:64:in `call'
  rack (1.5.5) lib/rack/sendfile.rb:112:in `call'
  railties (4.0.4) lib/rails/engine.rb:511:in `call'
  railties (4.0.4) lib/rails/application.rb:97:in `call'
  rack (1.5.5) lib/rack/lock.rb:17:in `call'
  rack (1.5.5) lib/rack/content_length.rb:14:in `call'
  rack (1.5.5) lib/rack/handler/webrick.rb:60:in `service'
  /home/deployer/.rvm/rubies/ruby-2.2.0/lib/ruby/2.2.0/webrick/httpserver.rb:138:in `service'
  /home/deployer/.rvm/rubies/ruby-2.2.0/lib/ruby/2.2.0/webrick/httpserver.rb:94:in `run'
  /home/deployer/.rvm/rubies/ruby-2.2.0/lib/ruby/2.2.0/webrick/server.rb:294:in `block in start_thread'


  Rendered /home/deployer/.rvm/gems/ruby-2.2.0/gems/actionpack-4.0.4/lib/action_dispatch/middleware/templates/rescues/_source.erb (0.8ms)
  Rendered /home/deployer/.rvm/gems/ruby-2.2.0/gems/actionpack-4.0.4/lib/action_dispatch/middleware/templates/rescues/_trace.erb (1.5ms)
  Rendered /home/deployer/.rvm/gems/ruby-2.2.0/gems/actionpack-4.0.4/lib/action_dispatch/middleware/templates/rescues/_request_and_response.erb (1.3ms)
  Rendered /home/deployer/.rvm/gems/ruby-2.2.0/gems/actionpack-4.0.4/lib/action_dispatch/middleware/templates/rescues/diagnostics.erb within rescues/layout (17.9ms)


Started GET "/games/" for 127.0.0.1 at 2015-08-08 05:47:24 +0800

AbstractController::ActionNotFound (The action 'index' could not be found for GamesController):
  actionpack (4.0.4) lib/abstract_controller/base.rb:131:in `process'
  actionpack (4.0.4) lib/abstract_controller/rendering.rb:44:in `process'
  actionpack (4.0.4) lib/action_controller/metal.rb:195:in `dispatch'
  actionpack (4.0.4) lib/action_controller/metal/rack_delegation.rb:13:in `dispatch'
  actionpack (4.0.4) lib/action_controller/metal.rb:231:in `block in action'
  actionpack (4.0.4) lib/action_dispatch/routing/route_set.rb:80:in `call'
  actionpack (4.0.4) lib/action_dispatch/routing/route_set.rb:80:in `dispatch'
  actionpack (4.0.4) lib/action_dispatch/routing/route_set.rb:48:in `call'
  actionpack (4.0.4) lib/action_dispatch/journey/router.rb:71:in `block in call'
  actionpack (4.0.4) lib/action_dispatch/journey/router.rb:59:in `each'
  actionpack (4.0.4) lib/action_dispatch/journey/router.rb:59:in `call'
  actionpack (4.0.4) lib/action_dispatch/routing/route_set.rb:674:in `call'
  rack (1.5.5) lib/rack/etag.rb:23:in `call'
  rack (1.5.5) lib/rack/conditionalget.rb:25:in `call'
  rack (1.5.5) lib/rack/head.rb:11:in `call'
  actionpack (4.0.4) lib/action_dispatch/middleware/params_parser.rb:27:in `call'
  actionpack (4.0.4) lib/action_dispatch/middleware/flash.rb:241:in `call'
  rack (1.5.5) lib/rack/session/abstract/id.rb:225:in `context'
  rack (1.5.5) lib/rack/session/abstract/id.rb:220:in `call'
  actionpack (4.0.4) lib/action_dispatch/middleware/cookies.rb:486:in `call'
  activerecord (4.0.4) lib/active_record/query_cache.rb:36:in `call'
  activerecord (4.0.4) lib/active_record/connection_adapters/abstract/connection_pool.rb:626:in `call'
  activerecord (4.0.4) lib/active_record/migration.rb:373:in `call'
  actionpack (4.0.4) lib/action_dispatch/middleware/callbacks.rb:29:in `block in call'
  activesupport (4.0.4) lib/active_support/callbacks.rb:373:in `_run__1263921316701936566__call__callbacks'
  activesupport (4.0.4) lib/active_support/callbacks.rb:80:in `run_callbacks'
  actionpack (4.0.4) lib/action_dispatch/middleware/callbacks.rb:27:in `call'
  actionpack (4.0.4) lib/action_dispatch/middleware/reloader.rb:64:in `call'
  actionpack (4.0.4) lib/action_dispatch/middleware/remote_ip.rb:76:in `call'
  actionpack (4.0.4) lib/action_dispatch/middleware/debug_exceptions.rb:17:in `call'
  actionpack (4.0.4) lib/action_dispatch/middleware/show_exceptions.rb:30:in `call'
  railties (4.0.4) lib/rails/rack/logger.rb:38:in `call_app'
  railties (4.0.4) lib/rails/rack/logger.rb:20:in `block in call'
  activesupport (4.0.4) lib/active_support/tagged_logging.rb:68:in `block in tagged'
  activesupport (4.0.4) lib/active_support/tagged_logging.rb:26:in `tagged'
  activesupport (4.0.4) lib/active_support/tagged_logging.rb:68:in `tagged'
  railties (4.0.4) lib/rails/rack/logger.rb:20:in `call'
  actionpack (4.0.4) lib/action_dispatch/middleware/request_id.rb:21:in `call'
  rack (1.5.5) lib/rack/methodoverride.rb:21:in `call'
  rack (1.5.5) lib/rack/runtime.rb:17:in `call'
  activesupport (4.0.4) lib/active_support/cache/strategy/local_cache.rb:83:in `call'
  rack (1.5.5) lib/rack/lock.rb:17:in `call'
  actionpack (4.0.4) lib/action_dispatch/middleware/static.rb:64:in `call'
  rack (1.5.5) lib/rack/sendfile.rb:112:in `call'
  railties (4.0.4) lib/rails/engine.rb:511:in `call'
  railties (4.0.4) lib/rails/application.rb:97:in `call'
  rack (1.5.5) lib/rack/lock.rb:17:in `call'
  rack (1.5.5) lib/rack/content_length.rb:14:in `call'
  rack (1.5.5) lib/rack/handler/webrick.rb:60:in `service'
  /home/deployer/.rvm/rubies/ruby-2.2.0/lib/ruby/2.2.0/webrick/httpserver.rb:138:in `service'
  /home/deployer/.rvm/rubies/ruby-2.2.0/lib/ruby/2.2.0/webrick/httpserver.rb:94:in `run'
  /home/deployer/.rvm/rubies/ruby-2.2.0/lib/ruby/2.2.0/webrick/server.rb:294:in `block in start_thread'


  Rendered /home/deployer/.rvm/gems/ruby-2.2.0/gems/actionpack-4.0.4/lib/action_dispatch/middleware/templates/rescues/unknown_action.erb within rescues/layout (0.6ms)


Started GET "/games/" for 127.0.0.1 at 2015-08-08 05:47:29 +0800

AbstractController::ActionNotFound (The action 'index' could not be found for GamesController):
  actionpack (4.0.4) lib/abstract_controller/base.rb:131:in `process'
  actionpack (4.0.4) lib/abstract_controller/rendering.rb:44:in `process'
  actionpack (4.0.4) lib/action_controller/metal.rb:195:in `dispatch'
  actionpack (4.0.4) lib/action_controller/metal/rack_delegation.rb:13:in `dispatch'
  actionpack (4.0.4) lib/action_controller/metal.rb:231:in `block in action'
  actionpack (4.0.4) lib/action_dispatch/routing/route_set.rb:80:in `call'
  actionpack (4.0.4) lib/action_dispatch/routing/route_set.rb:80:in `dispatch'
  actionpack (4.0.4) lib/action_dispatch/routing/route_set.rb:48:in `call'
  actionpack (4.0.4) lib/action_dispatch/journey/router.rb:71:in `block in call'
  actionpack (4.0.4) lib/action_dispatch/journey/router.rb:59:in `each'
  actionpack (4.0.4) lib/action_dispatch/journey/router.rb:59:in `call'
  actionpack (4.0.4) lib/action_dispatch/routing/route_set.rb:674:in `call'
  rack (1.5.5) lib/rack/etag.rb:23:in `call'
  rack (1.5.5) lib/rack/conditionalget.rb:25:in `call'
  rack (1.5.5) lib/rack/head.rb:11:in `call'
  actionpack (4.0.4) lib/action_dispatch/middleware/params_parser.rb:27:in `call'
  actionpack (4.0.4) lib/action_dispatch/middleware/flash.rb:241:in `call'
  rack (1.5.5) lib/rack/session/abstract/id.rb:225:in `context'
  rack (1.5.5) lib/rack/session/abstract/id.rb:220:in `call'
  actionpack (4.0.4) lib/action_dispatch/middleware/cookies.rb:486:in `call'
  activerecord (4.0.4) lib/active_record/query_cache.rb:36:in `call'
  activerecord (4.0.4) lib/active_record/connection_adapters/abstract/connection_pool.rb:626:in `call'
  activerecord (4.0.4) lib/active_record/migration.rb:373:in `call'
  actionpack (4.0.4) lib/action_dispatch/middleware/callbacks.rb:29:in `block in call'
  activesupport (4.0.4) lib/active_support/callbacks.rb:373:in `_run__1263921316701936566__call__callbacks'
  activesupport (4.0.4) lib/active_support/callbacks.rb:80:in `run_callbacks'
  actionpack (4.0.4) lib/action_dispatch/middleware/callbacks.rb:27:in `call'
  actionpack (4.0.4) lib/action_dispatch/middleware/reloader.rb:64:in `call'
  actionpack (4.0.4) lib/action_dispatch/middleware/remote_ip.rb:76:in `call'
  actionpack (4.0.4) lib/action_dispatch/middleware/debug_exceptions.rb:17:in `call'
  actionpack (4.0.4) lib/action_dispatch/middleware/show_exceptions.rb:30:in `call'
  railties (4.0.4) lib/rails/rack/logger.rb:38:in `call_app'
  railties (4.0.4) lib/rails/rack/logger.rb:20:in `block in call'
  activesupport (4.0.4) lib/active_support/tagged_logging.rb:68:in `block in tagged'
  activesupport (4.0.4) lib/active_support/tagged_logging.rb:26:in `tagged'
  activesupport (4.0.4) lib/active_support/tagged_logging.rb:68:in `tagged'
  railties (4.0.4) lib/rails/rack/logger.rb:20:in `call'
  actionpack (4.0.4) lib/action_dispatch/middleware/request_id.rb:21:in `call'
  rack (1.5.5) lib/rack/methodoverride.rb:21:in `call'
  rack (1.5.5) lib/rack/runtime.rb:17:in `call'
  activesupport (4.0.4) lib/active_support/cache/strategy/local_cache.rb:83:in `call'
  rack (1.5.5) lib/rack/lock.rb:17:in `call'
  actionpack (4.0.4) lib/action_dispatch/middleware/static.rb:64:in `call'
  rack (1.5.5) lib/rack/sendfile.rb:112:in `call'
  railties (4.0.4) lib/rails/engine.rb:511:in `call'
  railties (4.0.4) lib/rails/application.rb:97:in `call'
  rack (1.5.5) lib/rack/lock.rb:17:in `call'
  rack (1.5.5) lib/rack/content_length.rb:14:in `call'
  rack (1.5.5) lib/rack/handler/webrick.rb:60:in `service'
  /home/deployer/.rvm/rubies/ruby-2.2.0/lib/ruby/2.2.0/webrick/httpserver.rb:138:in `service'
  /home/deployer/.rvm/rubies/ruby-2.2.0/lib/ruby/2.2.0/webrick/httpserver.rb:94:in `run'
  /home/deployer/.rvm/rubies/ruby-2.2.0/lib/ruby/2.2.0/webrick/server.rb:294:in `block in start_thread'


  Rendered /home/deployer/.rvm/gems/ruby-2.2.0/gems/actionpack-4.0.4/lib/action_dispatch/middleware/templates/rescues/unknown_action.erb within rescues/layout (0.6ms)


Started GET "/games/new" for 127.0.0.1 at 2015-08-08 05:47:32 +0800
Processing by GamesController#new as HTML
Completed 500 Internal Server Error in 2ms

ActionView::MissingTemplate (Missing template games/new, application/new with {:locale=>[:en], :formats=>[:html], :handlers=>[:erb, :builder, :raw, :ruby, :jbuilder, :coffee]}. Searched in:
  * "/home/deployer/Documents/FlashCardServer/FlashCard/app/views"
):
  actionpack (4.0.4) lib/action_view/path_set.rb:46:in `find'
  actionpack (4.0.4) lib/action_view/lookup_context.rb:122:in `find'
  actionpack (4.0.4) lib/action_view/renderer/abstract_renderer.rb:18:in `find_template'
  actionpack (4.0.4) lib/action_view/renderer/template_renderer.rb:35:in `determine_template'
  actionpack (4.0.4) lib/action_view/renderer/template_renderer.rb:8:in `render'
  actionpack (4.0.4) lib/action_view/renderer/renderer.rb:42:in `render_template'
  actionpack (4.0.4) lib/action_view/renderer/renderer.rb:23:in `render'
  actionpack (4.0.4) lib/abstract_controller/rendering.rb:127:in `_render_template'
  actionpack (4.0.4) lib/action_controller/metal/streaming.rb:219:in `_render_template'
  actionpack (4.0.4) lib/abstract_controller/rendering.rb:120:in `render_to_body'
  actionpack (4.0.4) lib/action_controller/metal/rendering.rb:33:in `render_to_body'
  actionpack (4.0.4) lib/action_controller/metal/renderers.rb:26:in `render_to_body'
  actionpack (4.0.4) lib/abstract_controller/rendering.rb:97:in `render'
  actionpack (4.0.4) lib/action_controller/metal/rendering.rb:16:in `render'
  actionpack (4.0.4) lib/action_controller/metal/instrumentation.rb:41:in `block (2 levels) in render'
  activesupport (4.0.4) lib/active_support/core_ext/benchmark.rb:12:in `block in ms'
  /home/deployer/.rvm/rubies/ruby-2.2.0/lib/ruby/2.2.0/benchmark.rb:303:in `realtime'
  activesupport (4.0.4) lib/active_support/core_ext/benchmark.rb:12:in `ms'
  actionpack (4.0.4) lib/action_controller/metal/instrumentation.rb:41:in `block in render'
  actionpack (4.0.4) lib/action_controller/metal/instrumentation.rb:84:in `cleanup_view_runtime'
  activerecord (4.0.4) lib/active_record/railties/controller_runtime.rb:25:in `cleanup_view_runtime'
  actionpack (4.0.4) lib/action_controller/metal/instrumentation.rb:40:in `render'
  actionpack (4.0.4) lib/action_controller/metal/implicit_render.rb:10:in `default_render'
  actionpack (4.0.4) lib/action_controller/metal/implicit_render.rb:5:in `send_action'
  actionpack (4.0.4) lib/abstract_controller/base.rb:189:in `process_action'
  actionpack (4.0.4) lib/action_controller/metal/rendering.rb:10:in `process_action'
  actionpack (4.0.4) lib/abstract_controller/callbacks.rb:18:in `block in process_action'
  activesupport (4.0.4) lib/active_support/callbacks.rb:403:in `_run__619279408806459235__process_action__callbacks'
  activesupport (4.0.4) lib/active_support/callbacks.rb:80:in `run_callbacks'
  actionpack (4.0.4) lib/abstract_controller/callbacks.rb:17:in `process_action'
  actionpack (4.0.4) lib/action_controller/metal/rescue.rb:29:in `process_action'
  actionpack (4.0.4) lib/action_controller/metal/instrumentation.rb:31:in `block in process_action'
  activesupport (4.0.4) lib/active_support/notifications.rb:159:in `block in instrument'
  activesupport (4.0.4) lib/active_support/notifications/instrumenter.rb:20:in `instrument'
  activesupport (4.0.4) lib/active_support/notifications.rb:159:in `instrument'
  actionpack (4.0.4) lib/action_controller/metal/instrumentation.rb:30:in `process_action'
  actionpack (4.0.4) lib/action_controller/metal/params_wrapper.rb:250:in `process_action'
  activerecord (4.0.4) lib/active_record/railties/controller_runtime.rb:18:in `process_action'
  actionpack (4.0.4) lib/abstract_controller/base.rb:136:in `process'
  actionpack (4.0.4) lib/abstract_controller/rendering.rb:44:in `process'
  actionpack (4.0.4) lib/action_controller/metal.rb:195:in `dispatch'
  actionpack (4.0.4) lib/action_controller/metal/rack_delegation.rb:13:in `dispatch'
  actionpack (4.0.4) lib/action_controller/metal.rb:231:in `block in action'
  actionpack (4.0.4) lib/action_dispatch/routing/route_set.rb:80:in `call'
  actionpack (4.0.4) lib/action_dispatch/routing/route_set.rb:80:in `dispatch'
  actionpack (4.0.4) lib/action_dispatch/routing/route_set.rb:48:in `call'
  actionpack (4.0.4) lib/action_dispatch/journey/router.rb:71:in `block in call'
  actionpack (4.0.4) lib/action_dispatch/journey/router.rb:59:in `each'
  actionpack (4.0.4) lib/action_dispatch/journey/router.rb:59:in `call'
  actionpack (4.0.4) lib/action_dispatch/routing/route_set.rb:674:in `call'
  rack (1.5.5) lib/rack/etag.rb:23:in `call'
  rack (1.5.5) lib/rack/conditionalget.rb:25:in `call'
  rack (1.5.5) lib/rack/head.rb:11:in `call'
  actionpack (4.0.4) lib/action_dispatch/middleware/params_parser.rb:27:in `call'
  actionpack (4.0.4) lib/action_dispatch/middleware/flash.rb:241:in `call'
  rack (1.5.5) lib/rack/session/abstract/id.rb:225:in `context'
  rack (1.5.5) lib/rack/session/abstract/id.rb:220:in `call'
  actionpack (4.0.4) lib/action_dispatch/middleware/cookies.rb:486:in `call'
  activerecord (4.0.4) lib/active_record/query_cache.rb:36:in `call'
  activerecord (4.0.4) lib/active_record/connection_adapters/abstract/connection_pool.rb:626:in `call'
  activerecord (4.0.4) lib/active_record/migration.rb:373:in `call'
  actionpack (4.0.4) lib/action_dispatch/middleware/callbacks.rb:29:in `block in call'
  activesupport (4.0.4) lib/active_support/callbacks.rb:373:in `_run__1263921316701936566__call__callbacks'
  activesupport (4.0.4) lib/active_support/callbacks.rb:80:in `run_callbacks'
  actionpack (4.0.4) lib/action_dispatch/middleware/callbacks.rb:27:in `call'
  actionpack (4.0.4) lib/action_dispatch/middleware/reloader.rb:64:in `call'
  actionpack (4.0.4) lib/action_dispatch/middleware/remote_ip.rb:76:in `call'
  actionpack (4.0.4) lib/action_dispatch/middleware/debug_exceptions.rb:17:in `call'
  actionpack (4.0.4) lib/action_dispatch/middleware/show_exceptions.rb:30:in `call'
  railties (4.0.4) lib/rails/rack/logger.rb:38:in `call_app'
  railties (4.0.4) lib/rails/rack/logger.rb:20:in `block in call'
  activesupport (4.0.4) lib/active_support/tagged_logging.rb:68:in `block in tagged'
  activesupport (4.0.4) lib/active_support/tagged_logging.rb:26:in `tagged'
  activesupport (4.0.4) lib/active_support/tagged_logging.rb:68:in `tagged'
  railties (4.0.4) lib/rails/rack/logger.rb:20:in `call'
  actionpack (4.0.4) lib/action_dispatch/middleware/request_id.rb:21:in `call'
  rack (1.5.5) lib/rack/methodoverride.rb:21:in `call'
  rack (1.5.5) lib/rack/runtime.rb:17:in `call'
  activesupport (4.0.4) lib/active_support/cache/strategy/local_cache.rb:83:in `call'
  rack (1.5.5) lib/rack/lock.rb:17:in `call'
  actionpack (4.0.4) lib/action_dispatch/middleware/static.rb:64:in `call'
  rack (1.5.5) lib/rack/sendfile.rb:112:in `call'
  railties (4.0.4) lib/rails/engine.rb:511:in `call'
  railties (4.0.4) lib/rails/application.rb:97:in `call'
  rack (1.5.5) lib/rack/lock.rb:17:in `call'
  rack (1.5.5) lib/rack/content_length.rb:14:in `call'
  rack (1.5.5) lib/rack/handler/webrick.rb:60:in `service'
  /home/deployer/.rvm/rubies/ruby-2.2.0/lib/ruby/2.2.0/webrick/httpserver.rb:138:in `service'
  /home/deployer/.rvm/rubies/ruby-2.2.0/lib/ruby/2.2.0/webrick/httpserver.rb:94:in `run'
  /home/deployer/.rvm/rubies/ruby-2.2.0/lib/ruby/2.2.0/webrick/server.rb:294:in `block in start_thread'


  Rendered /home/deployer/.rvm/gems/ruby-2.2.0/gems/actionpack-4.0.4/lib/action_dispatch/middleware/templates/rescues/missing_template.erb within rescues/layout (0.6ms)
  [1m[36mActiveRecord::SchemaMigration Load (0.1ms)[0m  [1mSELECT "schema_migrations".* FROM "schema_migrations"[0m
  [1m[36mActiveRecord::SchemaMigration Load (0.1ms)[0m  [1mSELECT "schema_migrations".* FROM "schema_migrations"[0m
Migrating to CreateGames (20150807215512)
  [1m[35m (0.1ms)[0m  begin transaction
  [1m[36m (0.2ms)[0m  [1mCREATE TABLE "games" ("id" INTEGER PRIMARY KEY AUTOINCREMENT NOT NULL, "stock_id" integer, "num_of_words" integer, "player1_id" integer, "player2_id" integer, "created_at" datetime, "updated_at" datetime) [0m
SQLite3::SQLException: table "games" already exists: CREATE TABLE "games" ("id" INTEGER PRIMARY KEY AUTOINCREMENT NOT NULL, "stock_id" integer, "num_of_words" integer, "player1_id" integer, "player2_id" integer, "created_at" datetime, "updated_at" datetime) 
  [1m[35m (0.1ms)[0m  rollback transaction


Started GET "/games/ne" for 127.0.0.1 at 2015-08-08 05:56:04 +0800
  [1m[36mActiveRecord::SchemaMigration Load (0.1ms)[0m  [1mSELECT "schema_migrations".* FROM "schema_migrations"[0m

ActiveRecord::PendingMigrationError (Migrations are pending; run 'bin/rake db:migrate RAILS_ENV=development' to resolve this issue.):
  activerecord (4.0.4) lib/active_record/migration.rb:383:in `check_pending!'
  activerecord (4.0.4) lib/active_record/migration.rb:370:in `call'
  actionpack (4.0.4) lib/action_dispatch/middleware/callbacks.rb:29:in `block in call'
  activesupport (4.0.4) lib/active_support/callbacks.rb:373:in `_run__1199244744276724144__call__callbacks'
  activesupport (4.0.4) lib/active_support/callbacks.rb:80:in `run_callbacks'
  actionpack (4.0.4) lib/action_dispatch/middleware/callbacks.rb:27:in `call'
  actionpack (4.0.4) lib/action_dispatch/middleware/reloader.rb:64:in `call'
  actionpack (4.0.4) lib/action_dispatch/middleware/remote_ip.rb:76:in `call'
  actionpack (4.0.4) lib/action_dispatch/middleware/debug_exceptions.rb:17:in `call'
  actionpack (4.0.4) lib/action_dispatch/middleware/show_exceptions.rb:30:in `call'
  railties (4.0.4) lib/rails/rack/logger.rb:38:in `call_app'
  railties (4.0.4) lib/rails/rack/logger.rb:20:in `block in call'
  activesupport (4.0.4) lib/active_support/tagged_logging.rb:68:in `block in tagged'
  activesupport (4.0.4) lib/active_support/tagged_logging.rb:26:in `tagged'
  activesupport (4.0.4) lib/active_support/tagged_logging.rb:68:in `tagged'
  railties (4.0.4) lib/rails/rack/logger.rb:20:in `call'
  actionpack (4.0.4) lib/action_dispatch/middleware/request_id.rb:21:in `call'
  rack (1.5.5) lib/rack/methodoverride.rb:21:in `call'
  rack (1.5.5) lib/rack/runtime.rb:17:in `call'
  activesupport (4.0.4) lib/active_support/cache/strategy/local_cache.rb:83:in `call'
  rack (1.5.5) lib/rack/lock.rb:17:in `call'
  actionpack (4.0.4) lib/action_dispatch/middleware/static.rb:64:in `call'
  rack (1.5.5) lib/rack/sendfile.rb:112:in `call'
  railties (4.0.4) lib/rails/engine.rb:511:in `call'
  railties (4.0.4) lib/rails/application.rb:97:in `call'
  rack (1.5.5) lib/rack/lock.rb:17:in `call'
  rack (1.5.5) lib/rack/content_length.rb:14:in `call'
  rack (1.5.5) lib/rack/handler/webrick.rb:60:in `service'
  /home/deployer/.rvm/rubies/ruby-2.2.0/lib/ruby/2.2.0/webrick/httpserver.rb:138:in `service'
  /home/deployer/.rvm/rubies/ruby-2.2.0/lib/ruby/2.2.0/webrick/httpserver.rb:94:in `run'
  /home/deployer/.rvm/rubies/ruby-2.2.0/lib/ruby/2.2.0/webrick/server.rb:294:in `block in start_thread'


  Rendered /home/deployer/.rvm/gems/ruby-2.2.0/gems/actionpack-4.0.4/lib/action_dispatch/middleware/templates/rescues/_source.erb (0.8ms)
  Rendered /home/deployer/.rvm/gems/ruby-2.2.0/gems/actionpack-4.0.4/lib/action_dispatch/middleware/templates/rescues/_trace.erb (1.4ms)
  Rendered /home/deployer/.rvm/gems/ruby-2.2.0/gems/actionpack-4.0.4/lib/action_dispatch/middleware/templates/rescues/_request_and_response.erb (1.1ms)
  Rendered /home/deployer/.rvm/gems/ruby-2.2.0/gems/actionpack-4.0.4/lib/action_dispatch/middleware/templates/rescues/diagnostics.erb within rescues/layout (17.6ms)


Started GET "/" for 127.0.0.1 at 2015-08-08 05:56:09 +0800
  [1m[35mActiveRecord::SchemaMigration Load (0.2ms)[0m  SELECT "schema_migrations".* FROM "schema_migrations"

ActiveRecord::PendingMigrationError (Migrations are pending; run 'bin/rake db:migrate RAILS_ENV=development' to resolve this issue.):
  activerecord (4.0.4) lib/active_record/migration.rb:383:in `check_pending!'
  activerecord (4.0.4) lib/active_record/migration.rb:370:in `call'
  actionpack (4.0.4) lib/action_dispatch/middleware/callbacks.rb:29:in `block in call'
  activesupport (4.0.4) lib/active_support/callbacks.rb:373:in `_run__1199244744276724144__call__callbacks'
  activesupport (4.0.4) lib/active_support/callbacks.rb:80:in `run_callbacks'
  actionpack (4.0.4) lib/action_dispatch/middleware/callbacks.rb:27:in `call'
  actionpack (4.0.4) lib/action_dispatch/middleware/reloader.rb:64:in `call'
  actionpack (4.0.4) lib/action_dispatch/middleware/remote_ip.rb:76:in `call'
  actionpack (4.0.4) lib/action_dispatch/middleware/debug_exceptions.rb:17:in `call'
  actionpack (4.0.4) lib/action_dispatch/middleware/show_exceptions.rb:30:in `call'
  railties (4.0.4) lib/rails/rack/logger.rb:38:in `call_app'
  railties (4.0.4) lib/rails/rack/logger.rb:20:in `block in call'
  activesupport (4.0.4) lib/active_support/tagged_logging.rb:68:in `block in tagged'
  activesupport (4.0.4) lib/active_support/tagged_logging.rb:26:in `tagged'
  activesupport (4.0.4) lib/active_support/tagged_logging.rb:68:in `tagged'
  railties (4.0.4) lib/rails/rack/logger.rb:20:in `call'
  actionpack (4.0.4) lib/action_dispatch/middleware/request_id.rb:21:in `call'
  rack (1.5.5) lib/rack/methodoverride.rb:21:in `call'
  rack (1.5.5) lib/rack/runtime.rb:17:in `call'
  activesupport (4.0.4) lib/active_support/cache/strategy/local_cache.rb:83:in `call'
  rack (1.5.5) lib/rack/lock.rb:17:in `call'
  actionpack (4.0.4) lib/action_dispatch/middleware/static.rb:64:in `call'
  rack (1.5.5) lib/rack/sendfile.rb:112:in `call'
  railties (4.0.4) lib/rails/engine.rb:511:in `call'
  railties (4.0.4) lib/rails/application.rb:97:in `call'
  rack (1.5.5) lib/rack/lock.rb:17:in `call'
  rack (1.5.5) lib/rack/content_length.rb:14:in `call'
  rack (1.5.5) lib/rack/handler/webrick.rb:60:in `service'
  /home/deployer/.rvm/rubies/ruby-2.2.0/lib/ruby/2.2.0/webrick/httpserver.rb:138:in `service'
  /home/deployer/.rvm/rubies/ruby-2.2.0/lib/ruby/2.2.0/webrick/httpserver.rb:94:in `run'
  /home/deployer/.rvm/rubies/ruby-2.2.0/lib/ruby/2.2.0/webrick/server.rb:294:in `block in start_thread'


  Rendered /home/deployer/.rvm/gems/ruby-2.2.0/gems/actionpack-4.0.4/lib/action_dispatch/middleware/templates/rescues/_source.erb (0.8ms)
  Rendered /home/deployer/.rvm/gems/ruby-2.2.0/gems/actionpack-4.0.4/lib/action_dispatch/middleware/templates/rescues/_trace.erb (1.8ms)
  Rendered /home/deployer/.rvm/gems/ruby-2.2.0/gems/actionpack-4.0.4/lib/action_dispatch/middleware/templates/rescues/_request_and_response.erb (1.4ms)
  Rendered /home/deployer/.rvm/gems/ruby-2.2.0/gems/actionpack-4.0.4/lib/action_dispatch/middleware/templates/rescues/diagnostics.erb within rescues/layout (33.9ms)
  [1m[36m (286.8ms)[0m  [1mCREATE TABLE "schema_migrations" ("version" varchar(255) NOT NULL) [0m
  [1m[35m (174.3ms)[0m  CREATE UNIQUE INDEX "unique_schema_migrations" ON "schema_migrations" ("version")
  [1m[36mActiveRecord::SchemaMigration Load (0.3ms)[0m  [1mSELECT "schema_migrations".* FROM "schema_migrations"[0m
Migrating to CreateGames (20150807215512)
  [1m[35m (0.1ms)[0m  begin transaction
  [1m[36m (0.6ms)[0m  [1mCREATE TABLE "games" ("id" INTEGER PRIMARY KEY AUTOINCREMENT NOT NULL, "stock_id" integer, "num_of_words" integer, "player1_id" integer, "player2_id" integer, "created_at" datetime, "updated_at" datetime) [0m
  [1m[35mSQL (0.3ms)[0m  INSERT INTO "schema_migrations" ("version") VALUES (?)  [["version", "20150807215512"]]
  [1m[36m (263.2ms)[0m  [1mcommit transaction[0m
  [1m[35mActiveRecord::SchemaMigration Load (0.2ms)[0m  SELECT "schema_migrations".* FROM "schema_migrations"


Started GET "/" for 127.0.0.1 at 2015-08-08 06:00:05 +0800
  [1m[36mActiveRecord::SchemaMigration Load (0.3ms)[0m  [1mSELECT "schema_migrations".* FROM "schema_migrations"[0m
Processing by Rails::WelcomeController#index as HTML
  Rendered /home/deployer/.rvm/gems/ruby-2.2.0/gems/railties-4.0.4/lib/rails/templates/rails/welcome/index.html.erb (1.8ms)
Completed 200 OK in 23ms (Views: 12.2ms | ActiveRecord: 0.0ms)


Started GET "/games" for 127.0.0.1 at 2015-08-08 06:01:26 +0800
Processing by GamesController#index as HTML
  [1m[35mGame Load (0.2ms)[0m  SELECT "games".* FROM "games"
  Rendered games/index.html.erb within layouts/application (2.4ms)
Completed 200 OK in 2607ms (Views: 2604.0ms | ActiveRecord: 0.2ms)


Started GET "/assets/application.css?body=1" for 127.0.0.1 at 2015-08-08 06:01:29 +0800


Started GET "/assets/games.css?body=1" for 127.0.0.1 at 2015-08-08 06:01:29 +0800


Started GET "/assets/scaffolds.css?body=1" for 127.0.0.1 at 2015-08-08 06:01:29 +0800


Started GET "/assets/jquery.js?body=1" for 127.0.0.1 at 2015-08-08 06:01:29 +0800


Started GET "/assets/jquery_ujs.js?body=1" for 127.0.0.1 at 2015-08-08 06:01:29 +0800


Started GET "/assets/turbolinks.js?body=1" for 127.0.0.1 at 2015-08-08 06:01:29 +0800


Started GET "/assets/application.js?body=1" for 127.0.0.1 at 2015-08-08 06:01:29 +0800


Started GET "/assets/games.js?body=1" for 127.0.0.1 at 2015-08-08 06:01:29 +0800


Started GET "/games/new" for 127.0.0.1 at 2015-08-08 06:02:32 +0800
Processing by GamesController#new as HTML
  Rendered games/_form.html.erb (150.3ms)
  Rendered games/new.html.erb within layouts/application (205.7ms)
Completed 200 OK in 218ms (Views: 215.9ms | ActiveRecord: 0.6ms)


Started POST "/games" for 127.0.0.1 at 2015-08-08 06:02:49 +0800
Processing by GamesController#create as HTML
  Parameters: {"utf8"=>"✓", "authenticity_token"=>"XKANovg9yGAc/2lCueW+/jmidwMakX6smnewZEnw1Cs=", "game"=>{"stock_id"=>"1", "num_of_words"=>"5", "player1_id"=>"1", "player2_id"=>"2"}, "commit"=>"Create Game"}
  [1m[36m (0.1ms)[0m  [1mbegin transaction[0m
  [1m[35mSQL (81.8ms)[0m  INSERT INTO "games" ("created_at", "num_of_words", "player1_id", "player2_id", "stock_id", "updated_at") VALUES (?, ?, ?, ?, ?, ?)  [["created_at", Fri, 07 Aug 2015 22:02:49 UTC +00:00], ["num_of_words", 5], ["player1_id", 1], ["player2_id", 2], ["stock_id", 1], ["updated_at", Fri, 07 Aug 2015 22:02:49 UTC +00:00]]
  [1m[36m (229.5ms)[0m  [1mcommit transaction[0m
Redirected to http://localhost:3000/games/1
Completed 302 Found in 320ms (ActiveRecord: 311.5ms)


Started GET "/games/1" for 127.0.0.1 at 2015-08-08 06:02:49 +0800
Processing by GamesController#show as HTML
  Parameters: {"id"=>"1"}
  [1m[35mGame Load (1.9ms)[0m  SELECT "games".* FROM "games" WHERE "games"."id" = ? LIMIT 1  [["id", "1"]]
  Rendered games/show.html.erb within layouts/application (13.1ms)
Completed 200 OK in 25ms (Views: 19.2ms | ActiveRecord: 1.9ms)


Started GET "/assets/application.css?body=1" for 127.0.0.1 at 2015-08-08 06:02:49 +0800


Started GET "/assets/games.css?body=1" for 127.0.0.1 at 2015-08-08 06:02:49 +0800


Started GET "/assets/scaffolds.css?body=1" for 127.0.0.1 at 2015-08-08 06:02:49 +0800


Started GET "/assets/jquery_ujs.js?body=1" for 127.0.0.1 at 2015-08-08 06:02:49 +0800


Started GET "/assets/turbolinks.js?body=1" for 127.0.0.1 at 2015-08-08 06:02:49 +0800


Started GET "/assets/games.js?body=1" for 127.0.0.1 at 2015-08-08 06:02:49 +0800


Started GET "/assets/jquery.js?body=1" for 127.0.0.1 at 2015-08-08 06:02:49 +0800


Started GET "/assets/application.js?body=1" for 127.0.0.1 at 2015-08-08 06:02:49 +0800


Started GET "/games" for 127.0.0.1 at 2015-08-08 06:03:00 +0800
Processing by GamesController#index as HTML
  [1m[36mGame Load (0.2ms)[0m  [1mSELECT "games".* FROM "games"[0m
  Rendered games/index.html.erb within layouts/application (3.7ms)
Completed 200 OK in 11ms (Views: 9.7ms | ActiveRecord: 0.2ms)


Started POST "/games?num_of_words=5&player1_id=3&player2_id=4" for 127.0.0.1 at 2015-08-08 06:04:29 +0800
Processing by GamesController#create as HTML
  Parameters: {"num_of_words"=>"5", "player1_id"=>"3", "player2_id"=>"4", "game"=>{}}
Can't verify CSRF token authenticity
Completed 422 Unprocessable Entity in 1ms

ActionController::InvalidAuthenticityToken (ActionController::InvalidAuthenticityToken):
  actionpack (4.0.4) lib/action_controller/metal/request_forgery_protection.rb:166:in `handle_unverified_request'
  actionpack (4.0.4) lib/action_controller/metal/request_forgery_protection.rb:173:in `handle_unverified_request'
  actionpack (4.0.4) lib/action_controller/metal/request_forgery_protection.rb:180:in `verify_authenticity_token'
  activesupport (4.0.4) lib/active_support/callbacks.rb:377:in `_run__3212765998614583796__process_action__callbacks'
  activesupport (4.0.4) lib/active_support/callbacks.rb:80:in `run_callbacks'
  actionpack (4.0.4) lib/abstract_controller/callbacks.rb:17:in `process_action'
  actionpack (4.0.4) lib/action_controller/metal/rescue.rb:29:in `process_action'
  actionpack (4.0.4) lib/action_controller/metal/instrumentation.rb:31:in `block in process_action'
  activesupport (4.0.4) lib/active_support/notifications.rb:159:in `block in instrument'
  activesupport (4.0.4) lib/active_support/notifications/instrumenter.rb:20:in `instrument'
  activesupport (4.0.4) lib/active_support/notifications.rb:159:in `instrument'
  actionpack (4.0.4) lib/action_controller/metal/instrumentation.rb:30:in `process_action'
  actionpack (4.0.4) lib/action_controller/metal/params_wrapper.rb:250:in `process_action'
  activerecord (4.0.4) lib/active_record/railties/controller_runtime.rb:18:in `process_action'
  actionpack (4.0.4) lib/abstract_controller/base.rb:136:in `process'
  actionpack (4.0.4) lib/abstract_controller/rendering.rb:44:in `process'
  actionpack (4.0.4) lib/action_controller/metal.rb:195:in `dispatch'
  actionpack (4.0.4) lib/action_controller/metal/rack_delegation.rb:13:in `dispatch'
  actionpack (4.0.4) lib/action_controller/metal.rb:231:in `block in action'
  actionpack (4.0.4) lib/action_dispatch/routing/route_set.rb:80:in `call'
  actionpack (4.0.4) lib/action_dispatch/routing/route_set.rb:80:in `dispatch'
  actionpack (4.0.4) lib/action_dispatch/routing/route_set.rb:48:in `call'
  actionpack (4.0.4) lib/action_dispatch/journey/router.rb:71:in `block in call'
  actionpack (4.0.4) lib/action_dispatch/journey/router.rb:59:in `each'
  actionpack (4.0.4) lib/action_dispatch/journey/router.rb:59:in `call'
  actionpack (4.0.4) lib/action_dispatch/routing/route_set.rb:674:in `call'
  rack (1.5.5) lib/rack/etag.rb:23:in `call'
  rack (1.5.5) lib/rack/conditionalget.rb:35:in `call'
  rack (1.5.5) lib/rack/head.rb:11:in `call'
  actionpack (4.0.4) lib/action_dispatch/middleware/params_parser.rb:27:in `call'
  actionpack (4.0.4) lib/action_dispatch/middleware/flash.rb:241:in `call'
  rack (1.5.5) lib/rack/session/abstract/id.rb:225:in `context'
  rack (1.5.5) lib/rack/session/abstract/id.rb:220:in `call'
  actionpack (4.0.4) lib/action_dispatch/middleware/cookies.rb:486:in `call'
  activerecord (4.0.4) lib/active_record/query_cache.rb:36:in `call'
  activerecord (4.0.4) lib/active_record/connection_adapters/abstract/connection_pool.rb:626:in `call'
  activerecord (4.0.4) lib/active_record/migration.rb:373:in `call'
  actionpack (4.0.4) lib/action_dispatch/middleware/callbacks.rb:29:in `block in call'
  activesupport (4.0.4) lib/active_support/callbacks.rb:373:in `_run__3426948541547264527__call__callbacks'
  activesupport (4.0.4) lib/active_support/callbacks.rb:80:in `run_callbacks'
  actionpack (4.0.4) lib/action_dispatch/middleware/callbacks.rb:27:in `call'
  actionpack (4.0.4) lib/action_dispatch/middleware/reloader.rb:64:in `call'
  actionpack (4.0.4) lib/action_dispatch/middleware/remote_ip.rb:76:in `call'
  actionpack (4.0.4) lib/action_dispatch/middleware/debug_exceptions.rb:17:in `call'
  actionpack (4.0.4) lib/action_dispatch/middleware/show_exceptions.rb:30:in `call'
  railties (4.0.4) lib/rails/rack/logger.rb:38:in `call_app'
  railties (4.0.4) lib/rails/rack/logger.rb:20:in `block in call'
  activesupport (4.0.4) lib/active_support/tagged_logging.rb:68:in `block in tagged'
  activesupport (4.0.4) lib/active_support/tagged_logging.rb:26:in `tagged'
  activesupport (4.0.4) lib/active_support/tagged_logging.rb:68:in `tagged'
  railties (4.0.4) lib/rails/rack/logger.rb:20:in `call'
  actionpack (4.0.4) lib/action_dispatch/middleware/request_id.rb:21:in `call'
  rack (1.5.5) lib/rack/methodoverride.rb:21:in `call'
  rack (1.5.5) lib/rack/runtime.rb:17:in `call'
  activesupport (4.0.4) lib/active_support/cache/strategy/local_cache.rb:83:in `call'
  rack (1.5.5) lib/rack/lock.rb:17:in `call'
  actionpack (4.0.4) lib/action_dispatch/middleware/static.rb:64:in `call'
  rack (1.5.5) lib/rack/sendfile.rb:112:in `call'
  railties (4.0.4) lib/rails/engine.rb:511:in `call'
  railties (4.0.4) lib/rails/application.rb:97:in `call'
  rack (1.5.5) lib/rack/lock.rb:17:in `call'
  rack (1.5.5) lib/rack/content_length.rb:14:in `call'
  rack (1.5.5) lib/rack/handler/webrick.rb:60:in `service'
  /home/deployer/.rvm/rubies/ruby-2.2.0/lib/ruby/2.2.0/webrick/httpserver.rb:138:in `service'
  /home/deployer/.rvm/rubies/ruby-2.2.0/lib/ruby/2.2.0/webrick/httpserver.rb:94:in `run'
  /home/deployer/.rvm/rubies/ruby-2.2.0/lib/ruby/2.2.0/webrick/server.rb:294:in `block in start_thread'


  Rendered /home/deployer/.rvm/gems/ruby-2.2.0/gems/actionpack-4.0.4/lib/action_dispatch/middleware/templates/rescues/_source.erb (1.0ms)
  Rendered /home/deployer/.rvm/gems/ruby-2.2.0/gems/actionpack-4.0.4/lib/action_dispatch/middleware/templates/rescues/_trace.erb (3.1ms)
  Rendered /home/deployer/.rvm/gems/ruby-2.2.0/gems/actionpack-4.0.4/lib/action_dispatch/middleware/templates/rescues/_request_and_response.erb (3.4ms)
  Rendered /home/deployer/.rvm/gems/ruby-2.2.0/gems/actionpack-4.0.4/lib/action_dispatch/middleware/templates/rescues/diagnostics.erb within rescues/layout (56.3ms)


Started GET "/games" for 127.0.0.1 at 2015-08-08 06:09:40 +0800
  [1m[36mActiveRecord::SchemaMigration Load (0.2ms)[0m  [1mSELECT "schema_migrations".* FROM "schema_migrations"[0m
Processing by GamesController#index as HTML
  [1m[35mGame Load (0.3ms)[0m  SELECT "games".* FROM "games"
  Rendered games/index.html.erb within layouts/application (14.9ms)
Completed 200 OK in 139ms (Views: 101.5ms | ActiveRecord: 0.8ms)


Started GET "/assets/application.css?body=1" for 127.0.0.1 at 2015-08-08 06:09:41 +0800


Started GET "/assets/games.css?body=1" for 127.0.0.1 at 2015-08-08 06:09:41 +0800


Started GET "/assets/scaffolds.css?body=1" for 127.0.0.1 at 2015-08-08 06:09:41 +0800


Started GET "/assets/jquery_ujs.js?body=1" for 127.0.0.1 at 2015-08-08 06:09:41 +0800


Started GET "/assets/jquery.js?body=1" for 127.0.0.1 at 2015-08-08 06:09:41 +0800


Started GET "/assets/application.js?body=1" for 127.0.0.1 at 2015-08-08 06:09:41 +0800


Started GET "/assets/games.js?body=1" for 127.0.0.1 at 2015-08-08 06:09:41 +0800


Started GET "/assets/turbolinks.js?body=1" for 127.0.0.1 at 2015-08-08 06:09:41 +0800


Started POST "/games?num_of_words=5&player1_id=3&player2_id=4" for 127.0.0.1 at 2015-08-08 06:09:51 +0800
Processing by GamesController#create as HTML
  Parameters: {"num_of_words"=>"5", "player1_id"=>"3", "player2_id"=>"4", "game"=>{}}
Can't verify CSRF token authenticity
Completed 400 Bad Request in 1ms

ActionController::ParameterMissing (param is missing or the value is empty: game):
  app/controllers/games_controller.rb:72:in `game_params'
  app/controllers/games_controller.rb:27:in `create'


  Rendered /home/deployer/.rvm/gems/ruby-2.2.0/gems/actionpack-4.0.4/lib/action_dispatch/middleware/templates/rescues/_source.erb (1.1ms)
  Rendered /home/deployer/.rvm/gems/ruby-2.2.0/gems/actionpack-4.0.4/lib/action_dispatch/middleware/templates/rescues/_trace.erb (3.0ms)
  Rendered /home/deployer/.rvm/gems/ruby-2.2.0/gems/actionpack-4.0.4/lib/action_dispatch/middleware/templates/rescues/_request_and_response.erb (2.9ms)
  Rendered /home/deployer/.rvm/gems/ruby-2.2.0/gems/actionpack-4.0.4/lib/action_dispatch/middleware/templates/rescues/diagnostics.erb within rescues/layout (23.6ms)


Started POST "/games?num_of_words=5&player1_id=3&player2_id=4&stock_id=4" for 127.0.0.1 at 2015-08-08 06:10:13 +0800
Processing by GamesController#create as HTML
  Parameters: {"num_of_words"=>"5", "player1_id"=>"3", "player2_id"=>"4", "stock_id"=>"4", "game"=>{}}
Can't verify CSRF token authenticity
Completed 400 Bad Request in 1ms

ActionController::ParameterMissing (param is missing or the value is empty: game):
  app/controllers/games_controller.rb:72:in `game_params'
  app/controllers/games_controller.rb:27:in `create'


  Rendered /home/deployer/.rvm/gems/ruby-2.2.0/gems/actionpack-4.0.4/lib/action_dispatch/middleware/templates/rescues/_source.erb (1.4ms)
  Rendered /home/deployer/.rvm/gems/ruby-2.2.0/gems/actionpack-4.0.4/lib/action_dispatch/middleware/templates/rescues/_trace.erb (6.0ms)
  Rendered /home/deployer/.rvm/gems/ruby-2.2.0/gems/actionpack-4.0.4/lib/action_dispatch/middleware/templates/rescues/_request_and_response.erb (3.2ms)
  Rendered /home/deployer/.rvm/gems/ruby-2.2.0/gems/actionpack-4.0.4/lib/action_dispatch/middleware/templates/rescues/diagnostics.erb within rescues/layout (43.5ms)


Started POST "/games?num_of_words=5&player1_id=3&player2_id=4&stock_id=4" for 127.0.0.1 at 2015-08-08 06:13:18 +0800
Processing by GamesController#create as HTML
  Parameters: {"num_of_words"=>"5", "player1_id"=>"3", "player2_id"=>"4", "stock_id"=>"4", "game"=>{}}
Can't verify CSRF token authenticity
Completed 400 Bad Request in 1ms

ActionController::ParameterMissing (param is missing or the value is empty: game):
  app/controllers/games_controller.rb:72:in `game_params'
  app/controllers/games_controller.rb:27:in `create'


  Rendered /home/deployer/.rvm/gems/ruby-2.2.0/gems/actionpack-4.0.4/lib/action_dispatch/middleware/templates/rescues/_source.erb (1.4ms)
  Rendered /home/deployer/.rvm/gems/ruby-2.2.0/gems/actionpack-4.0.4/lib/action_dispatch/middleware/templates/rescues/_trace.erb (2.4ms)
  Rendered /home/deployer/.rvm/gems/ruby-2.2.0/gems/actionpack-4.0.4/lib/action_dispatch/middleware/templates/rescues/_request_and_response.erb (2.8ms)
  Rendered /home/deployer/.rvm/gems/ruby-2.2.0/gems/actionpack-4.0.4/lib/action_dispatch/middleware/templates/rescues/diagnostics.erb within rescues/layout (20.6ms)


Started POST "/games?game=2&num_of_words=5&player1_id=3&player2_id=4&stock_id=4" for 127.0.0.1 at 2015-08-08 06:14:20 +0800
Processing by GamesController#create as HTML
  Parameters: {"game"=>{}, "num_of_words"=>"5", "player1_id"=>"3", "player2_id"=>"4", "stock_id"=>"4"}
Can't verify CSRF token authenticity
Completed 500 Internal Server Error in 1ms

NoMethodError (undefined method `permit' for "2":String):
  app/controllers/games_controller.rb:72:in `game_params'
  app/controllers/games_controller.rb:27:in `create'


  Rendered /home/deployer/.rvm/gems/ruby-2.2.0/gems/actionpack-4.0.4/lib/action_dispatch/middleware/templates/rescues/_source.erb (1.1ms)
  Rendered /home/deployer/.rvm/gems/ruby-2.2.0/gems/actionpack-4.0.4/lib/action_dispatch/middleware/templates/rescues/_trace.erb (2.7ms)
  Rendered /home/deployer/.rvm/gems/ruby-2.2.0/gems/actionpack-4.0.4/lib/action_dispatch/middleware/templates/rescues/_request_and_response.erb (3.2ms)
  Rendered /home/deployer/.rvm/gems/ruby-2.2.0/gems/actionpack-4.0.4/lib/action_dispatch/middleware/templates/rescues/diagnostics.erb within rescues/layout (25.5ms)


Started GET "/games/new" for 127.0.0.1 at 2015-08-08 06:19:36 +0800
  [1m[36mActiveRecord::SchemaMigration Load (0.1ms)[0m  [1mSELECT "schema_migrations".* FROM "schema_migrations"[0m
Processing by GamesController#new as HTML
  Rendered games/_form.html.erb (27.9ms)
  Rendered games/new.html.erb within layouts/application (33.3ms)
Completed 200 OK in 107ms (Views: 92.7ms | ActiveRecord: 0.5ms)


Started POST "/games" for 127.0.0.1 at 2015-08-08 06:19:55 +0800
Processing by GamesController#create as HTML
  Parameters: {"utf8"=>"✓", "authenticity_token"=>"XKANovg9yGAc/2lCueW+/jmidwMakX6smnewZEnw1Cs=", "game"=>{"stock_id"=>"1", "num_of_words"=>"5", "player1_id"=>"1", "player2_id"=>"2"}, "commit"=>"Create Game"}
  [1m[35m (0.2ms)[0m  begin transaction
  [1m[36mSQL (6.8ms)[0m  [1mINSERT INTO "games" ("created_at", "num_of_words", "player1_id", "player2_id", "stock_id", "updated_at") VALUES (?, ?, ?, ?, ?, ?)[0m  [["created_at", Fri, 07 Aug 2015 22:19:55 UTC +00:00], ["num_of_words", 5], ["player1_id", 1], ["player2_id", 2], ["stock_id", 1], ["updated_at", Fri, 07 Aug 2015 22:19:55 UTC +00:00]]
  [1m[35m (205.1ms)[0m  commit transaction
Redirected to http://localhost:3000/games/2
Completed 302 Found in 219ms (ActiveRecord: 212.0ms)


Started GET "/games/2" for 127.0.0.1 at 2015-08-08 06:19:56 +0800
Processing by GamesController#show as HTML
  Parameters: {"id"=>"2"}
  [1m[36mGame Load (0.3ms)[0m  [1mSELECT "games".* FROM "games" WHERE "games"."id" = ? LIMIT 1[0m  [["id", "2"]]
  Rendered games/show.html.erb within layouts/application (1.5ms)
Completed 200 OK in 34ms (Views: 30.5ms | ActiveRecord: 0.3ms)


Started GET "/assets/application.css?body=1" for 127.0.0.1 at 2015-08-08 06:19:56 +0800


Started GET "/assets/games.js?body=1" for 127.0.0.1 at 2015-08-08 06:19:56 +0800


Started GET "/assets/games.css?body=1" for 127.0.0.1 at 2015-08-08 06:19:56 +0800


Started GET "/assets/scaffolds.css?body=1" for 127.0.0.1 at 2015-08-08 06:19:56 +0800


Started GET "/assets/jquery.js?body=1" for 127.0.0.1 at 2015-08-08 06:19:56 +0800


Started GET "/assets/jquery_ujs.js?body=1" for 127.0.0.1 at 2015-08-08 06:19:56 +0800


Started GET "/assets/turbolinks.js?body=1" for 127.0.0.1 at 2015-08-08 06:19:56 +0800


Started GET "/assets/application.js?body=1" for 127.0.0.1 at 2015-08-08 06:19:56 +0800


Started POST "/games" for 127.0.0.1 at 2015-08-08 06:24:13 +0800
Error occurred while parsing request parameters.
Contents:

{"game":{
 "num_of_words": 5,
 "stock_id": 3,
 "player1_id:1,
 "player2_id:2"
  }
}

ActionDispatch::ParamsParser::ParseError (795: unexpected token at '{"game":{
 "num_of_words": 5,
 "stock_id": 3,
 "player1_id:1,
 "player2_id:2"
  }
}'):
  actionpack (4.0.4) lib/action_dispatch/middleware/params_parser.rb:53:in `rescue in parse_formatted_parameters'
  actionpack (4.0.4) lib/action_dispatch/middleware/params_parser.rb:32:in `parse_formatted_parameters'
  actionpack (4.0.4) lib/action_dispatch/middleware/params_parser.rb:23:in `call'
  actionpack (4.0.4) lib/action_dispatch/middleware/flash.rb:241:in `call'
  rack (1.5.5) lib/rack/session/abstract/id.rb:225:in `context'
  rack (1.5.5) lib/rack/session/abstract/id.rb:220:in `call'
  actionpack (4.0.4) lib/action_dispatch/middleware/cookies.rb:486:in `call'
  activerecord (4.0.4) lib/active_record/query_cache.rb:36:in `call'
  activerecord (4.0.4) lib/active_record/connection_adapters/abstract/connection_pool.rb:626:in `call'
  activerecord (4.0.4) lib/active_record/migration.rb:373:in `call'
  actionpack (4.0.4) lib/action_dispatch/middleware/callbacks.rb:29:in `block in call'
  activesupport (4.0.4) lib/active_support/callbacks.rb:373:in `_run__4550663985482719441__call__callbacks'
  activesupport (4.0.4) lib/active_support/callbacks.rb:80:in `run_callbacks'
  actionpack (4.0.4) lib/action_dispatch/middleware/callbacks.rb:27:in `call'
  actionpack (4.0.4) lib/action_dispatch/middleware/reloader.rb:64:in `call'
  actionpack (4.0.4) lib/action_dispatch/middleware/remote_ip.rb:76:in `call'
  actionpack (4.0.4) lib/action_dispatch/middleware/debug_exceptions.rb:17:in `call'
  actionpack (4.0.4) lib/action_dispatch/middleware/show_exceptions.rb:30:in `call'
  railties (4.0.4) lib/rails/rack/logger.rb:38:in `call_app'
  railties (4.0.4) lib/rails/rack/logger.rb:20:in `block in call'
  activesupport (4.0.4) lib/active_support/tagged_logging.rb:68:in `block in tagged'
  activesupport (4.0.4) lib/active_support/tagged_logging.rb:26:in `tagged'
  activesupport (4.0.4) lib/active_support/tagged_logging.rb:68:in `tagged'
  railties (4.0.4) lib/rails/rack/logger.rb:20:in `call'
  actionpack (4.0.4) lib/action_dispatch/middleware/request_id.rb:21:in `call'
  rack (1.5.5) lib/rack/methodoverride.rb:21:in `call'
  rack (1.5.5) lib/rack/runtime.rb:17:in `call'
  activesupport (4.0.4) lib/active_support/cache/strategy/local_cache.rb:83:in `call'
  rack (1.5.5) lib/rack/lock.rb:17:in `call'
  actionpack (4.0.4) lib/action_dispatch/middleware/static.rb:64:in `call'
  rack (1.5.5) lib/rack/sendfile.rb:112:in `call'
  railties (4.0.4) lib/rails/engine.rb:511:in `call'
  railties (4.0.4) lib/rails/application.rb:97:in `call'
  rack (1.5.5) lib/rack/lock.rb:17:in `call'
  rack (1.5.5) lib/rack/content_length.rb:14:in `call'
  rack (1.5.5) lib/rack/handler/webrick.rb:60:in `service'
  /home/deployer/.rvm/rubies/ruby-2.2.0/lib/ruby/2.2.0/webrick/httpserver.rb:138:in `service'
  /home/deployer/.rvm/rubies/ruby-2.2.0/lib/ruby/2.2.0/webrick/httpserver.rb:94:in `run'
  /home/deployer/.rvm/rubies/ruby-2.2.0/lib/ruby/2.2.0/webrick/server.rb:294:in `block in start_thread'


  Rendered /home/deployer/.rvm/gems/ruby-2.2.0/gems/actionpack-4.0.4/lib/action_dispatch/middleware/templates/rescues/_source.erb (0.8ms)
  Rendered /home/deployer/.rvm/gems/ruby-2.2.0/gems/actionpack-4.0.4/lib/action_dispatch/middleware/templates/rescues/_trace.erb (2.6ms)
  Rendered /home/deployer/.rvm/gems/ruby-2.2.0/gems/actionpack-4.0.4/lib/action_dispatch/middleware/templates/rescues/_request_and_response.erb (2.5ms)
  Rendered /home/deployer/.rvm/gems/ruby-2.2.0/gems/actionpack-4.0.4/lib/action_dispatch/middleware/templates/rescues/diagnostics.erb within rescues/layout (28.6ms)


Started POST "/games" for 127.0.0.1 at 2015-08-08 06:24:33 +0800
Processing by GamesController#create as HTML
  Parameters: {"game"=>{"num_of_words"=>5, "stock_id"=>3, "player1_id"=>1, "player2_id"=>2}}
Can't verify CSRF token authenticity
  [1m[35m (0.2ms)[0m  begin transaction
  [1m[36mSQL (1.0ms)[0m  [1mINSERT INTO "games" ("created_at", "num_of_words", "player1_id", "player2_id", "stock_id", "updated_at") VALUES (?, ?, ?, ?, ?, ?)[0m  [["created_at", Fri, 07 Aug 2015 22:24:33 UTC +00:00], ["num_of_words", 5], ["player1_id", 1], ["player2_id", 2], ["stock_id", 3], ["updated_at", Fri, 07 Aug 2015 22:24:33 UTC +00:00]]
  [1m[35m (315.3ms)[0m  commit transaction
Redirected to http://localhost:3000/games/3
Completed 302 Found in 321ms (ActiveRecord: 316.5ms)


Started GET "/games/3" for 127.0.0.1 at 2015-08-08 06:24:34 +0800
Processing by GamesController#show as HTML
  Parameters: {"id"=>"3", "game"=>{}}
  [1m[36mGame Load (0.1ms)[0m  [1mSELECT "games".* FROM "games" WHERE "games"."id" = ? LIMIT 1[0m  [["id", "3"]]
  Rendered games/show.html.erb within layouts/application (0.5ms)
Completed 200 OK in 7ms (Views: 5.7ms | ActiveRecord: 0.1ms)


Started POST "/games" for 127.0.0.1 at 2015-08-08 06:36:09 +0800
  [1m[36mActiveRecord::SchemaMigration Load (0.2ms)[0m  [1mSELECT "schema_migrations".* FROM "schema_migrations"[0m
Processing by GamesController#create as HTML
  Parameters: {"game"=>{"num_of_words"=>10, "stock_id"=>4}}
Can't verify CSRF token authenticity
  [1m[35m (0.1ms)[0m  begin transaction
  [1m[36mSQL (7.9ms)[0m  [1mINSERT INTO "games" ("created_at", "num_of_words", "stock_id", "updated_at") VALUES (?, ?, ?, ?)[0m  [["created_at", Fri, 07 Aug 2015 22:36:09 UTC +00:00], ["num_of_words", 10], ["stock_id", 4], ["updated_at", Fri, 07 Aug 2015 22:36:09 UTC +00:00]]
  [1m[35m (215.6ms)[0m  commit transaction
Redirected to http://localhost:3000/games/4
Completed 302 Found in 252ms (ActiveRecord: 224.3ms)


Started POST "/games" for 127.0.0.1 at 2015-08-08 06:36:09 +0800
Processing by GamesController#create as HTML
  Parameters: {"game"=>{"num_of_words"=>5, "stock_id"=>3, "player1_id"=>1, "player2_id"=>2}}
Can't verify CSRF token authenticity
Unpermitted parameters: player1_id, player2_id
  [1m[36m (0.1ms)[0m  [1mbegin transaction[0m
  [1m[35mSQL (0.4ms)[0m  INSERT INTO "games" ("created_at", "num_of_words", "stock_id", "updated_at") VALUES (?, ?, ?, ?)  [["created_at", Fri, 07 Aug 2015 22:36:09 UTC +00:00], ["num_of_words", 5], ["stock_id", 3], ["updated_at", Fri, 07 Aug 2015 22:36:09 UTC +00:00]]
  [1m[36m (266.9ms)[0m  [1mcommit transaction[0m
Redirected to http://localhost:3000/games/5
Completed 302 Found in 272ms (ActiveRecord: 267.5ms)


Started GET "/games/5" for 127.0.0.1 at 2015-08-08 06:36:10 +0800
Processing by GamesController#show as HTML
  Parameters: {"id"=>"5", "game"=>{}}
  [1m[35mGame Load (0.4ms)[0m  SELECT "games".* FROM "games" WHERE "games"."id" = ? LIMIT 1  [["id", "5"]]
  Rendered games/show.html.erb within layouts/application (2.4ms)
Completed 200 OK in 58ms (Views: 53.3ms | ActiveRecord: 0.4ms)


Started GET "/games" for 127.0.0.1 at 2015-08-08 06:37:42 +0800
Processing by GamesController#index as HTML
  [1m[36mGame Load (0.3ms)[0m  [1mSELECT "games".* FROM "games"[0m
  Rendered games/index.html.erb within layouts/application (5.8ms)
Completed 200 OK in 13ms (Views: 11.9ms | ActiveRecord: 0.3ms)


Started POST "/games" for 127.0.0.1 at 2015-08-08 06:38:14 +0800
Processing by GamesController#create as HTML
  Parameters: {"game"=>{"num_of_words"=>5, "stock_id"=>6}}
Can't verify CSRF token authenticity
  [1m[35m (0.1ms)[0m  begin transaction
  [1m[36mSQL (0.4ms)[0m  [1mINSERT INTO "games" ("created_at", "num_of_words", "stock_id", "updated_at") VALUES (?, ?, ?, ?)[0m  [["created_at", Fri, 07 Aug 2015 22:38:14 UTC +00:00], ["num_of_words", 5], ["stock_id", 6], ["updated_at", Fri, 07 Aug 2015 22:38:14 UTC +00:00]]
  [1m[35m (192.1ms)[0m  commit transaction
Redirected to http://localhost:3000/games/6
Completed 302 Found in 200ms (ActiveRecord: 192.6ms)


Started GET "/games/6" for 127.0.0.1 at 2015-08-08 06:38:14 +0800
Processing by GamesController#show as HTML
  Parameters: {"id"=>"6", "game"=>{}}
  [1m[36mGame Load (0.1ms)[0m  [1mSELECT "games".* FROM "games" WHERE "games"."id" = ? LIMIT 1[0m  [["id", "6"]]
  Rendered games/show.html.erb within layouts/application (0.5ms)
Completed 200 OK in 8ms (Views: 6.3ms | ActiveRecord: 0.1ms)
